c:\users\len\desktop\mfcapplication1\mfcapplication1\debug\mfcapplication1.pch
c:\users\len\desktop\mfcapplication1\mfcapplication1\debug\vc140.pdb
c:\users\len\desktop\mfcapplication1\mfcapplication1\debug\vc140.idb
c:\users\len\desktop\mfcapplication1\mfcapplication1\debug\stdafx.obj
c:\users\len\desktop\mfcapplication1\mfcapplication1\debug\mfcapplication1.obj
c:\users\len\desktop\mfcapplication1\mfcapplication1\debug\mfcapplication1dlg.obj
d:\mfcapplication1\mfcapplication1\debug\mfcapplication1.pch
d:\mfcapplication1\mfcapplication1\debug\vc140.pdb
d:\mfcapplication1\mfcapplication1\debug\vc140.idb
d:\mfcapplication1\mfcapplication1\debug\stdafx.obj
d:\mfcapplication1\mfcapplication1\debug\mfcapplication1.obj
d:\mfcapplication1\mfcapplication1\debug\mfcapplication1dlg.obj
c:\users\len\desktop\mfcapplication1\mfcapplication1\debug\mfcapplication1.res
d:\mfcapplication1\mfcapplication1\debug\mfcapplication1.res
d:\mfcapplication1\debug\mfcapplication1.pdb
d:\mfcapplication1\mfcapplication1\debug\mfcapplication1.tlog\cl.command.1.tlog
d:\mfcapplication1\mfcapplication1\debug\mfcapplication1.tlog\cl.read.1.tlog
d:\mfcapplication1\mfcapplication1\debug\mfcapplication1.tlog\cl.write.1.tlog
d:\mfcapplication1\mfcapplication1\debug\mfcapplication1.tlog\link-cvtres.read.1.tlog
d:\mfcapplication1\mfcapplication1\debug\mfcapplication1.tlog\link-cvtres.write.1.tlog
d:\mfcapplication1\mfcapplication1\debug\mfcapplication1.tlog\link-mt.read.1.tlog
d:\mfcapplication1\mfcapplication1\debug\mfcapplication1.tlog\link-mt.write.1.tlog
d:\mfcapplication1\mfcapplication1\debug\mfcapplication1.tlog\link-rc.read.1.tlog
d:\mfcapplication1\mfcapplication1\debug\mfcapplication1.tlog\link-rc.write.1.tlog
d:\mfcapplication1\mfcapplication1\debug\mfcapplication1.tlog\link.11556-cvtres.read.1.tlog
d:\mfcapplication1\mfcapplication1\debug\mfcapplication1.tlog\link.11556-cvtres.write.1.tlog
d:\mfcapplication1\mfcapplication1\debug\mfcapplication1.tlog\link.11556-mt.read.1.tlog
d:\mfcapplication1\mfcapplication1\debug\mfcapplication1.tlog\link.11556-mt.write.1.tlog
d:\mfcapplication1\mfcapplication1\debug\mfcapplication1.tlog\link.11556-rc.read.1.tlog
d:\mfcapplication1\mfcapplication1\debug\mfcapplication1.tlog\link.11556-rc.write.1.tlog
d:\mfcapplication1\mfcapplication1\debug\mfcapplication1.tlog\link.11556.read.1.tlog
d:\mfcapplication1\mfcapplication1\debug\mfcapplication1.tlog\link.11556.write.1.tlog
d:\mfcapplication1\mfcapplication1\debug\mfcapplication1.tlog\link.command.1.tlog
d:\mfcapplication1\mfcapplication1\debug\mfcapplication1.tlog\link.read.1.tlog
d:\mfcapplication1\mfcapplication1\debug\mfcapplication1.tlog\link.write.1.tlog
d:\mfcapplication1\mfcapplication1\debug\mfcapplication1.tlog\rc.command.1.tlog
d:\mfcapplication1\mfcapplication1\debug\mfcapplication1.tlog\rc.read.1.tlog
d:\mfcapplication1\mfcapplication1\debug\mfcapplication1.tlog\rc.write.1.tlog
