c:\users\len\desktop\bmp\bmp\debug\bmp3.pch
c:\users\len\desktop\bmp\bmp\debug\vc140.pdb
c:\users\len\desktop\bmp\bmp\debug\vc140.idb
c:\users\len\desktop\bmp\bmp\debug\stdafx.obj
c:\users\len\desktop\bmp\bmp\debug\bmp.obj
c:\users\len\desktop\bmp\bmp\debug\bmpdlg.obj
c:\users\len\desktop\bmp3\bmp\debug\bmp3.pch
c:\users\len\desktop\bmp3\bmp\debug\vc140.pdb
c:\users\len\desktop\bmp3\bmp\debug\vc140.idb
c:\users\len\desktop\bmp3\bmp\debug\stdafx.obj
c:\users\len\desktop\bmp3\bmp\debug\bmp.obj
c:\users\len\desktop\bmp3\bmp\debug\bmpdlg.obj
c:\users\len\desktop\bmp\debug\bmp3.ilk
c:\users\len\desktop\bmp\debug\bmp3.exe
c:\users\len\desktop\bmp\debug\bmp3.pdb
c:\users\len\desktop\bmp3\debug\bmp3.ilk
c:\users\len\desktop\bmp3\debug\bmp3.exe
c:\users\len\desktop\bmp3\debug\bmp3.pdb
c:\users\len\desktop\bmp\bmp\debug\bmp.res
c:\users\len\desktop\bmp3\bmp\debug\bmp.res
c:\users\len\desktop\bmp3\bmp\debug\bmp.pch
c:\users\len\desktop\bmp3\bmp\debug\bmp3.tlog\cl.command.1.tlog
c:\users\len\desktop\bmp3\bmp\debug\bmp3.tlog\cl.read.1.tlog
c:\users\len\desktop\bmp3\bmp\debug\bmp3.tlog\cl.write.1.tlog
c:\users\len\desktop\bmp3\bmp\debug\bmp3.tlog\link.command.1.tlog
c:\users\len\desktop\bmp3\bmp\debug\bmp3.tlog\link.read.1.tlog
c:\users\len\desktop\bmp3\bmp\debug\bmp3.tlog\link.write.1.tlog
c:\users\len\desktop\bmp3\bmp\debug\bmp3.tlog\rc.command.1.tlog
c:\users\len\desktop\bmp3\bmp\debug\bmp3.tlog\rc.read.1.tlog
c:\users\len\desktop\bmp3\bmp\debug\bmp3.tlog\rc.write.1.tlog
